<?xml version="1.0" encoding="UTF-8"?>
<!-- Generated by org.testng.reporters.JUnitReportReporter -->
<testsuite hostname="LAPTOP-BU5UP52J" failures="0" tests="1" name="com.ImpactChain.org.testcases.LoginPageTest" time="11.079" errors="0" timestamp="2023-03-28T21:06:49 IST" skipped="0">
  <testcase classname="com.ImpactChain.org.testcases.LoginPageTest" name="verifyLogin" time="11.079"/>
  <system-out/>
</testsuite> <!-- com.ImpactChain.org.testcases.LoginPageTest -->
